10 17049.194
10 14720.625
10 12290.946
11 18783.893
11 17787.739
11 18225.759
12 18637.036
12 19695.120
12 18022.402
13 18913.138
13 19501.921
13 20434.812
14 20279.903
14 21230.882
14 20130.405
15 20849.709
15 21008.801
15 20541.093
16 21318.598
16 21370.901
16 21364.691
17 21836.683
17 20695.193
17 21566.179
18 21678.149
18 21534.274
18 21221.600
19 22222.519
19 22009.609
19 22044.835
20 21394.402
20 20844.103
20 21463.373
21 21593.468
21 21650.270
21 21162.857
22 22021.290
22 22108.731
22 22017.702
23 22339.779
23 21832.965
23 21864.758
24 21241.389
24 22463.480
24 21813.676
25 21347.314
25 21688.398
25 22278.264
26 22058.061
26 22633.652
26 22060.640
27 21593.142
27 20591.469
27 20771.926
28 20753.433
28 22438.328
28 21535.155
29 22793.789
29 21477.017
29 22776.605
30 21631.911
30 21260.311
30 22339.879
31 21846.272
31 21739.981
31 21635.328
32 22442.357
32 21819.721
32 21978.988
33 21526.996
33 20724.873
33 20321.775
34 21006.462
34 21497.841
34 21782.791
35 22190.761
35 22059.326
35 21553.443
36 22213.534
36 20741.853
36 22667.718
37 20137.620
37 21204.006
37 21374.646
38 21232.279
38 20508.992
38 21772.120
39 21204.500
39 20820.624
39 20541.726
40 20259.812
40 21369.302
40 20488.403
41 20703.677
41 21630.508
41 20009.805
42 21570.924
42 20360.213
42 21740.407
43 21114.285
43 20510.675
43 21540.350
44 19616.074
44 21064.472
44 20049.844
45 22284.917
45 20826.738
45 20974.606
46 19654.629
46 20916.958
46 20969.680
47 21070.819
47 21067.179
47 21210.257
48 19894.955
48 20996.185
48 20675.168
49 20198.674
49 19381.272
49 20840.063
50 20902.267
50 21191.694
50 20923.479
