10 16850.279
10 13405.904
10 13492.946
11 18658.039
11 17912.351
11 16613.973
12 19421.360
12 17430.622
12 17943.979
13 18870.168
13 19862.196
13 18839.204
14 18629.259
14 19305.131
14 19449.577
15 17982.701
15 19892.620
15 20140.297
16 20925.493
16 21097.714
16 19994.322
17 22026.723
17 20772.013
17 20843.147
18 20008.684
18 18566.413
18 19835.170
19 21814.295
19 19807.628
19 18852.309
20 19033.407
20 19717.371
20 20143.097
21 20117.324
21 21520.047
21 20547.678
22 18177.852
22 19801.941
22 19473.287
23 19497.168
23 20163.770
23 20260.304
24 20678.760
24 22097.738
24 20658.852
25 21050.726
25 19524.386
25 19699.155
26 21548.473
26 20462.870
26 22618.805
27 20337.315
27 21541.975
27 22036.868
28 20027.357
28 22104.430
28 20932.633
29 22665.869
29 21420.065
29 21014.717
30 21130.213
30 19571.885
30 18543.896
31 19451.960
31 21107.377
31 22904.942
32 19463.659
32 21235.751
32 21299.436
33 19424.642
33 20211.820
33 21919.970
34 21048.688
34 21678.948
34 21111.834
35 21235.210
35 21234.218
35 20406.831
36 18210.259
36 19581.811
36 20968.976
37 20289.532
37 20194.187
37 20519.218
38 20533.122
38 21231.197
38 19964.822
39 22036.334
39 21256.199
39 21441.789
40 20142.123
40 19310.126
40 20582.061
41 19574.758
41 20493.609
41 19356.287
42 20097.877
42 21792.475
42 19263.332
43 20311.992
43 21668.566
43 20123.437
44 20233.249
44 21478.401
44 21262.119
45 20687.401
45 19489.188
45 19364.346
46 20623.021
46 21105.551
46 21770.129
47 21378.987
47 20343.479
47 19579.740
48 19687.481
48 20224.206
48 21343.943
49 20984.157
49 19885.499
49 20984.597
50 19742.635
50 20697.249
50 19443.715
