30 17071.780
30 14652.380
30 12437.099
31 15371.632
31 16808.248
31 17089.051
32 17007.005
32 17079.507
32 17162.727
33 16999.777
33 17024.522
33 17072.217
34 17040.100
34 15880.780
34 16728.422
35 16880.315
35 16962.723
35 16720.591
36 17050.037
36 14997.136
36 16530.674
37 17053.642
37 17049.920
37 17073.441
38 17073.179
38 17049.601
38 16737.746
39 16992.411
39 17009.204
39 16848.348
40 15949.091
40 16717.460
40 17013.342
41 16914.750
41 16713.017
41 15659.206
42 16982.196
42 16923.480
42 16905.313
43 16874.647
43 16912.289
43 16909.630
44 14833.208
44 16738.839
44 13780.274
45 16843.041
45 16970.265
45 16935.891
46 16932.851
46 16943.122
46 16983.753
47 16815.342
47 16950.934
47 16866.649
48 16917.812
48 16854.482
48 16834.337
49 16799.579
49 16836.916
49 16815.908
50 15192.304
50 16616.678
50 16505.382
