30 15494.483
30 10818.542
30 12216.352
31 10474.944
31 9386.393
31 12372.716
32 15299.292
32 15569.776
32 16025.975
33 15869.263
33 16623.418
33 12183.622
34 12525.536
34 16395.190
34 13128.735
35 15493.355
35 16528.024
35 16222.389
36 16542.953
36 16627.232
36 16835.981
37 16789.820
37 16541.366
37 16019.223
38 15490.955
38 16447.477
38 16593.269
39 16824.226
39 16874.988
39 16773.711
40 16691.231
40 16932.994
40 16973.232
41 16957.890
41 16904.885
41 16975.825
42 16918.613
42 16922.335
42 16156.133
43 16786.832
43 16853.914
43 16939.993
44 16901.485
44 16918.098
44 16605.806
45 16784.156
45 16751.794
45 16249.779
46 16102.515
46 16691.258
46 16703.414
47 16906.314
47 16710.588
47 16918.441
48 16673.114
48 16804.548
48 16788.862
49 16795.629
49 16640.375
49 16878.036
50 16668.167
50 16757.324
50 16800.624
