10 21062.254
10 19336.749
10 16540.545
11 19394.654
11 22028.567
11 21151.979
12 21500.937
12 21514.676
12 21726.000
13 21636.358
13 21930.690
13 21690.845
14 21149.832
14 21813.058
14 21616.901
15 21837.256
15 21525.096
15 21679.700
16 21521.205
16 21447.997
16 21125.035
17 21337.339
17 21643.195
17 21805.590
18 22050.279
18 21876.429
18 21814.628
19 21294.220
19 21900.528
19 21760.702
20 21320.916
20 21105.284
20 21484.492
21 21200.949
21 21362.865
21 21091.173
22 21314.190
22 21007.388
22 20787.514
23 20787.212
23 20934.692
23 21271.074
24 21027.708
24 21225.834
24 21544.156
25 21204.635
25 21149.295
25 21256.967
26 20987.460
26 21036.467
26 20843.755
27 20881.142
27 20586.891
27 20969.988
28 21566.970
28 20999.977
28 21286.922
29 20768.303
29 21237.374
29 21180.652
30 21489.340
30 21125.570
30 22237.344
31 21557.903
31 21028.902
31 21072.018
32 20707.792
32 20460.274
32 21099.584
33 20830.773
33 21434.573
33 20904.933
34 21733.414
34 20966.251
34 21045.321
35 21360.766
35 20860.757
35 20688.257
36 21200.949
36 20984.465
36 21143.884
37 21206.434
37 21211.472
37 21185.274
38 20777.019
38 20917.658
38 20900.127
39 21169.980
39 20586.722
39 21295.172
40 21123.830
40 21477.294
40 21531.585
41 21001.609
41 20997.243
41 21648.817
42 20626.552
42 20521.324
42 20607.977
43 20970.867
43 20417.747
43 20628.892
44 20526.463
44 20624.553
44 21220.609
45 20526.378
45 20487.815
45 20446.636
46 20460.609
46 20780.387
46 20768.906
47 21002.359
47 20721.738
47 20166.535
48 20643.499
48 20578.672
48 20531.689
49 20821.795
49 21713.028
49 20763.775
50 21866.192
50 21219.259
50 20799.015
