10 22288.841
10 19367.084
10 14150.957
11 19443.375
11 22374.818
11 22456.519
12 23311.001
12 23112.303
12 22226.519
13 22764.213
13 22823.859
13 22901.690
14 22462.219
14 22006.364
14 22650.672
15 22805.329
15 22323.023
15 22580.296
16 22171.425
16 22138.244
16 22709.415
17 22020.611
17 22191.450
17 22645.286
18 22611.798
18 22780.237
18 22706.063
19 17214.222
19 18980.879
19 22607.198
20 20287.720
20 22460.352
20 22678.360
21 22674.452
21 22706.115
21 22879.997
22 22453.392
22 22492.735
22 22269.979
23 22678.771
23 22699.517
23 22332.296
24 22294.705
24 22079.442
24 22369.013
25 22376.170
25 21703.273
25 22522.117
26 22154.528
26 22240.608
26 20426.589
27 20136.039
27 20850.057
27 20939.295
28 21793.662
28 21840.308
28 21061.544
29 22191.450
29 22069.258
29 22193.814
30 19647.408
30 20342.652
30 20098.806
31 20593.674
31 20151.458
31 19853.363
32 20537.086
32 21532.605
32 21048.067
33 21848.945
33 22183.278
33 21934.202
34 21848.372
34 22294.556
34 22105.701
35 22159.044
35 21887.873
35 22023.327
36 21661.807
36 22197.164
36 21933.480
37 20912.933
37 22009.852
37 22164.889
38 22225.186
38 21955.102
38 22439.285
39 21675.377
39 22241.498
39 22392.304
40 22580.652
40 22149.768
40 20414.621
41 21244.232
41 21217.008
41 20431.681
42 22669.928
42 22481.206
42 22041.239
43 21912.429
43 22154.381
43 22624.742
44 22371.114
44 21689.669
44 21822.626
45 22204.064
45 22422.681
45 20736.606
46 20432.098
46 21158.513
46 22702.867
47 22304.949
47 22653.802
47 21936.944
48 22373.767
48 22293.910
48 22351.913
49 22067.651
49 21962.817
49 22422.178
50 22798.102
50 22180.277
50 22184.656
